ARM GAS  /tmp/ccMLZfu1.s 			page 1


   1              		.cpu cortex-m3
   2              		.eabi_attribute 20, 1
   3              		.eabi_attribute 21, 1
   4              		.eabi_attribute 23, 3
   5              		.eabi_attribute 24, 1
   6              		.eabi_attribute 25, 1
   7              		.eabi_attribute 26, 1
   8              		.eabi_attribute 30, 1
   9              		.eabi_attribute 34, 1
  10              		.eabi_attribute 18, 4
  11              		.file	"package.c"
  12              		.text
  13              	.Ltext0:
  14              		.cfi_sections	.debug_frame
  15              		.section	.text.get_package,"ax",%progbits
  16              		.align	1
  17              		.global	get_package
  18              		.arch armv7-m
  19              		.syntax unified
  20              		.thumb
  21              		.thumb_func
  22              		.fpu softvfp
  24              	get_package:
  25              	.LVL0:
  26              	.LFB65:
  27              		.file 1 "Core/Src/package.c"
   1:Core/Src/package.c **** #include "package.h"
   2:Core/Src/package.c **** 
   3:Core/Src/package.c **** package get_package(UART_HandleTypeDef *uart) {
  28              		.loc 1 3 47 view -0
  29              		.cfi_startproc
  30              		@ args = 0, pretend = 0, frame = 16
  31              		@ frame_needed = 0, uses_anonymous_args = 0
  32              		.loc 1 3 47 is_stmt 0 view .LVU1
  33 0000 F0B5     		push	{r4, r5, r6, r7, lr}
  34              	.LCFI0:
  35              		.cfi_def_cfa_offset 20
  36              		.cfi_offset 4, -20
  37              		.cfi_offset 5, -16
  38              		.cfi_offset 6, -12
  39              		.cfi_offset 7, -8
  40              		.cfi_offset 14, -4
  41 0002 85B0     		sub	sp, sp, #20
  42              	.LCFI1:
  43              		.cfi_def_cfa_offset 40
  44 0004 0446     		mov	r4, r0
  45 0006 0D46     		mov	r5, r1
   4:Core/Src/package.c **** 	package value;
  46              		.loc 1 4 2 is_stmt 1 view .LVU2
   5:Core/Src/package.c **** 
   6:Core/Src/package.c **** 	// Store data in the package
   7:Core/Src/package.c **** 	HAL_UART_Receive(uart, &value.address, 1, 100);
  47              		.loc 1 7 2 view .LVU3
  48 0008 6E46     		mov	r6, sp
  49 000a 6423     		movs	r3, #100
  50 000c 0122     		movs	r2, #1
  51 000e 3146     		mov	r1, r6
ARM GAS  /tmp/ccMLZfu1.s 			page 2


  52              	.LVL1:
  53              		.loc 1 7 2 is_stmt 0 view .LVU4
  54 0010 2846     		mov	r0, r5
  55              	.LVL2:
  56              		.loc 1 7 2 view .LVU5
  57 0012 FFF7FEFF 		bl	HAL_UART_Receive
  58              	.LVL3:
   8:Core/Src/package.c **** 	HAL_UART_Receive(uart, &value.command, 1, 100);
  59              		.loc 1 8 2 is_stmt 1 view .LVU6
  60 0016 6423     		movs	r3, #100
  61 0018 0122     		movs	r2, #1
  62 001a 0DEB0201 		add	r1, sp, r2
  63 001e 2846     		mov	r0, r5
  64 0020 FFF7FEFF 		bl	HAL_UART_Receive
  65              	.LVL4:
   9:Core/Src/package.c **** 	HAL_UART_Receive(uart, &value.hash, 4, 100);
  66              		.loc 1 9 2 view .LVU7
  67 0024 6423     		movs	r3, #100
  68 0026 0422     		movs	r2, #4
  69 0028 0DEB0201 		add	r1, sp, r2
  70 002c 2846     		mov	r0, r5
  71 002e FFF7FEFF 		bl	HAL_UART_Receive
  72              	.LVL5:
  10:Core/Src/package.c **** 	HAL_UART_Receive(uart, &value.size, 1, 100);
  73              		.loc 1 10 2 view .LVU8
  74 0032 6423     		movs	r3, #100
  75 0034 0122     		movs	r2, #1
  76 0036 02A9     		add	r1, sp, #8
  77 0038 2846     		mov	r0, r5
  78 003a FFF7FEFF 		bl	HAL_UART_Receive
  79              	.LVL6:
  11:Core/Src/package.c **** 	value.data = (uint8_t*) malloc(value.size * sizeof(uint8_t));
  80              		.loc 1 11 2 view .LVU9
  81              		.loc 1 11 38 is_stmt 0 view .LVU10
  82 003e 9DF80870 		ldrb	r7, [sp, #8]	@ zero_extendqisi2
  83              		.loc 1 11 26 view .LVU11
  84 0042 3846     		mov	r0, r7
  85 0044 FFF7FEFF 		bl	malloc
  86              	.LVL7:
  87 0048 0146     		mov	r1, r0
  88              		.loc 1 11 13 view .LVU12
  89 004a 0390     		str	r0, [sp, #12]
  12:Core/Src/package.c **** 	HAL_UART_Receive(uart, value.data, value.size, 100);
  90              		.loc 1 12 2 is_stmt 1 view .LVU13
  91 004c 6423     		movs	r3, #100
  92 004e 3A46     		mov	r2, r7
  93 0050 2846     		mov	r0, r5
  94 0052 FFF7FEFF 		bl	HAL_UART_Receive
  95              	.LVL8:
  13:Core/Src/package.c **** 	
  14:Core/Src/package.c **** 	return value;
  96              		.loc 1 14 2 view .LVU14
  97              		.loc 1 14 9 is_stmt 0 view .LVU15
  98 0056 96E80F00 		ldm	r6, {r0, r1, r2, r3}
  99 005a 84E80F00 		stm	r4, {r0, r1, r2, r3}
  15:Core/Src/package.c **** }
 100              		.loc 1 15 1 view .LVU16
ARM GAS  /tmp/ccMLZfu1.s 			page 3


 101 005e 2046     		mov	r0, r4
 102 0060 05B0     		add	sp, sp, #20
 103              	.LCFI2:
 104              		.cfi_def_cfa_offset 20
 105              		@ sp needed
 106 0062 F0BD     		pop	{r4, r5, r6, r7, pc}
 107              		.loc 1 15 1 view .LVU17
 108              		.cfi_endproc
 109              	.LFE65:
 111              		.section	.text.send_package,"ax",%progbits
 112              		.align	1
 113              		.global	send_package
 114              		.syntax unified
 115              		.thumb
 116              		.thumb_func
 117              		.fpu softvfp
 119              	send_package:
 120              	.LVL9:
 121              	.LFB66:
  16:Core/Src/package.c **** 
  17:Core/Src/package.c **** void send_package(UART_HandleTypeDef* uart, package value) {
 122              		.loc 1 17 60 is_stmt 1 view -0
 123              		.cfi_startproc
 124              		@ args = 20, pretend = 16, frame = 0
 125              		@ frame_needed = 0, uses_anonymous_args = 0
 126              		.loc 1 17 60 is_stmt 0 view .LVU19
 127 0000 84B0     		sub	sp, sp, #16
 128              	.LCFI3:
 129              		.cfi_def_cfa_offset 16
 130 0002 38B5     		push	{r3, r4, r5, lr}
 131              	.LCFI4:
 132              		.cfi_def_cfa_offset 32
 133              		.cfi_offset 3, -32
 134              		.cfi_offset 4, -28
 135              		.cfi_offset 5, -24
 136              		.cfi_offset 14, -20
 137 0004 0446     		mov	r4, r0
 138 0006 05AD     		add	r5, sp, #20
 139 0008 85E80E00 		stm	r5, {r1, r2, r3}
  18:Core/Src/package.c **** 	HAL_UART_Transmit(uart, &value.address, 1, 1000);
 140              		.loc 1 18 2 is_stmt 1 view .LVU20
 141 000c 4FF47A73 		mov	r3, #1000
 142 0010 0122     		movs	r2, #1
 143 0012 2946     		mov	r1, r5
 144 0014 FFF7FEFF 		bl	HAL_UART_Transmit
 145              	.LVL10:
  19:Core/Src/package.c **** 	HAL_UART_Transmit(uart, &value.command, 1, 1000);
 146              		.loc 1 19 2 view .LVU21
 147 0018 4FF47A73 		mov	r3, #1000
 148 001c 0122     		movs	r2, #1
 149 001e 0DF11501 		add	r1, sp, #21
 150 0022 2046     		mov	r0, r4
 151 0024 FFF7FEFF 		bl	HAL_UART_Transmit
 152              	.LVL11:
  20:Core/Src/package.c **** 	HAL_UART_Transmit(uart, &value.hash, 4, 1000);
 153              		.loc 1 20 2 view .LVU22
 154 0028 4FF47A73 		mov	r3, #1000
ARM GAS  /tmp/ccMLZfu1.s 			page 4


 155 002c 0422     		movs	r2, #4
 156 002e A918     		adds	r1, r5, r2
 157 0030 2046     		mov	r0, r4
 158 0032 FFF7FEFF 		bl	HAL_UART_Transmit
 159              	.LVL12:
  21:Core/Src/package.c **** 	HAL_UART_Transmit(uart, &value.size, 1, 1000);
 160              		.loc 1 21 2 view .LVU23
 161 0036 4FF47A73 		mov	r3, #1000
 162 003a 0122     		movs	r2, #1
 163 003c 07A9     		add	r1, sp, #28
 164 003e 2046     		mov	r0, r4
 165 0040 FFF7FEFF 		bl	HAL_UART_Transmit
 166              	.LVL13:
  22:Core/Src/package.c **** 	HAL_UART_Transmit(uart, value.data, value.size, 1000);
 167              		.loc 1 22 2 view .LVU24
 168 0044 4FF47A73 		mov	r3, #1000
 169 0048 9DF81C20 		ldrb	r2, [sp, #28]	@ zero_extendqisi2
 170 004c 0899     		ldr	r1, [sp, #32]
 171 004e 2046     		mov	r0, r4
 172 0050 FFF7FEFF 		bl	HAL_UART_Transmit
 173              	.LVL14:
  23:Core/Src/package.c **** }...
 174              		.loc 1 23 1 is_stmt 0 view .LVU25
 175 0054 BDE83840 		pop	{r3, r4, r5, lr}
 176              	.LCFI5:
 177              		.cfi_restore 14
 178              		.cfi_restore 5
 179              		.cfi_restore 4
 180              		.cfi_restore 3
 181              		.cfi_def_cfa_offset 16
 182              	.LVL15:
 183              		.loc 1 23 1 view .LVU26
 184 0058 04B0     		add	sp, sp, #16
 185              	.LCFI6:
 186              		.cfi_def_cfa_offset 0
 187 005a 7047     		bx	lr
 188              		.cfi_endproc
 189              	.LFE66:
 191              		.text
 192              	.Letext0:
 193              		.file 2 "/usr/arm-none-eabi/include/machine/_default_types.h"
 194              		.file 3 "/usr/arm-none-eabi/include/sys/_stdint.h"
 195              		.file 4 "Drivers/CMSIS/Device/ST/STM32F1xx/Include/stm32f103xb.h"
 196              		.file 5 "Drivers/STM32F1xx_HAL_Driver/Inc/stm32f1xx_hal_def.h"
 197              		.file 6 "Drivers/STM32F1xx_HAL_Driver/Inc/stm32f1xx_hal_dma.h"
 198              		.file 7 "Drivers/STM32F1xx_HAL_Driver/Inc/stm32f1xx_hal_uart.h"
 199              		.file 8 "Core/Inc/package.h"
 200              		.file 9 "/usr/arm-none-eabi/include/stdlib.h"
ARM GAS  /tmp/ccMLZfu1.s 			page 5


DEFINED SYMBOLS
                            *ABS*:0000000000000000 package.c
     /tmp/ccMLZfu1.s:16     .text.get_package:0000000000000000 $t
     /tmp/ccMLZfu1.s:24     .text.get_package:0000000000000000 get_package
     /tmp/ccMLZfu1.s:112    .text.send_package:0000000000000000 $t
     /tmp/ccMLZfu1.s:119    .text.send_package:0000000000000000 send_package

UNDEFINED SYMBOLS
HAL_UART_Receive
malloc
HAL_UART_Transmit
